# JRE version: Java(TM) SE Runtime Environment (8.0_181-b13) (build 1.8.0_181-b13)
# Java VM: Java HotSpot(TM) 64-Bit Server VM (25.181-b13 mixed mode windows-amd64 compressed oops)
Heap:
 PSYoungGen      total 283136K, used 193715K [0x00000000d5f00000, 0x00000000ee080000, 0x0000000100000000)
  eden space 268288K, 67% used [0x00000000d5f00000,0x00000000e0f3f7f8,0x00000000e6500000)
  from space 14848K, 89% used [0x00000000e6500000,0x00000000e71ed468,0x00000000e7380000)
  to   space 16384K, 0% used [0x00000000ed080000,0x00000000ed080000,0x00000000ee080000)
 ParOldGen       total 76288K, used 22587K [0x0000000081c00000, 0x0000000086680000, 0x00000000d5f00000)
  object space 76288K, 29% used [0x0000000081c00000,0x000000008320eed8,0x0000000086680000)
 Metaspace       used 54036K, capacity 56426K, committed 56536K, reserved 1097728K
  class space    used 7235K, capacity 7661K, committed 7680K, reserved 1048576K
GC Heap History (10 events):
Event: 4.973 GC heap before
{Heap before GC invocations=9 (full 1):
 PSYoungGen      total 140288K, used 140277K [0x00000000d5f00000, 0x00000000e2a80000, 0x0000000100000000)
  eden space 131072K, 100% used [0x00000000d5f00000,0x00000000ddf00000,0x00000000ddf00000)
  from space 9216K, 99% used [0x00000000ddf00000,0x00000000de7fd760,0x00000000de800000)
  to   space 12288K, 0% used [0x00000000e1e80000,0x00000000e1e80000,0x00000000e2a80000)
 ParOldGen       total 51712K, used 9228K [0x0000000081c00000, 0x0000000084e80000, 0x00000000d5f00000)
  object space 51712K, 17% used [0x0000000081c00000,0x00000000825031e8,0x0000000084e80000)
 Metaspace       used 33707K, capacity 35052K, committed 35200K, reserved 1079296K
  class space    used 4363K, capacity 4628K, committed 4736K, reserved 1048576K
Event: 4.987 GC heap after
Heap after GC invocations=9 (full 1):
 PSYoungGen      total 193024K, used 12259K [0x00000000d5f00000, 0x00000000e4b00000, 0x0000000100000000)
  eden space 180736K, 0% used [0x00000000d5f00000,0x00000000d5f00000,0x00000000e0f80000)
  from space 12288K, 99% used [0x00000000e1e80000,0x00000000e2a78da8,0x00000000e2a80000)
  to   space 15360K, 0% used [0x00000000e0f80000,0x00000000e0f80000,0x00000000e1e80000)
 ParOldGen       total 51712K, used 13258K [0x0000000081c00000, 0x0000000084e80000, 0x00000000d5f00000)
  object space 51712K, 25% used [0x0000000081c00000,0x00000000828f29f8,0x0000000084e80000)
 Metaspace       used 33707K, capacity 35052K, committed 35200K, reserved 1079296K
  class space    used 4363K, capacity 4628K, committed 4736K, reserved 1048576K
}
Event: 5.041 GC heap before
{Heap before GC invocations=10 (full 1):
 PSYoungGen      total 193024K, used 18046K [0x00000000d5f00000, 0x00000000e4b00000, 0x0000000100000000)
  eden space 180736K, 3% used [0x00000000d5f00000,0x00000000d64a6b58,0x00000000e0f80000)
  from space 12288K, 99% used [0x00000000e1e80000,0x00000000e2a78da8,0x00000000e2a80000)
  to   space 15360K, 0% used [0x00000000e0f80000,0x00000000e0f80000,0x00000000e1e80000)
 ParOldGen       total 51712K, used 13258K [0x0000000081c00000, 0x0000000084e80000, 0x00000000d5f00000)
  object space 51712K, 25% used [0x0000000081c00000,0x00000000828f29f8,0x0000000084e80000)
 Metaspace       used 34012K, capacity 35340K, committed 35416K, reserved 1079296K
  class space    used 4394K, capacity 4660K, committed 4736K, reserved 1048576K
Event: 5.052 GC heap after
Heap after GC invocations=10 (full 1):
 PSYoungGen      total 196096K, used 8084K [0x00000000d5f00000, 0x00000000e8600000, 0x0000000100000000)
  eden space 180736K, 0% used [0x00000000d5f00000,0x00000000d5f00000,0x00000000e0f80000)
  from space 15360K, 52% used [0x00000000e0f80000,0x00000000e17650b0,0x00000000e1e80000)
  to   space 14848K, 0% used [0x00000000e7780000,0x00000000e7780000,0x00000000e8600000)
 ParOldGen       total 51712K, used 17748K [0x0000000081c00000, 0x0000000084e80000, 0x00000000d5f00000)
  object space 51712K, 34% used [0x0000000081c00000,0x0000000082d55018,0x0000000084e80000)
 Metaspace       used 34012K, capacity 35340K, committed 35416K, reserved 1079296K
  class space    used 4394K, capacity 4660K, committed 4736K, reserved 1048576K
}
Event: 5.052 GC heap before
{Heap before GC invocations=11 (full 2):
 PSYoungGen      total 196096K, used 8084K [0x00000000d5f00000, 0x00000000e8600000, 0x0000000100000000)
  eden space 180736K, 0% used [0x00000000d5f00000,0x00000000d5f00000,0x00000000e0f80000)
  from space 15360K, 52% used [0x00000000e0f80000,0x00000000e17650b0,0x00000000e1e80000)
  to   space 14848K, 0% used [0x00000000e7780000,0x00000000e7780000,0x00000000e8600000)
 ParOldGen       total 51712K, used 17748K [0x0000000081c00000, 0x0000000084e80000, 0x00000000d5f00000)
  object space 51712K, 34% used [0x0000000081c00000,0x0000000082d55018,0x0000000084e80000)
 Metaspace       used 34012K, capacity 35340K, committed 35416K, reserved 1079296K
  class space    used 4394K, capacity 4660K, committed 4736K, reserved 1048576K
Event: 5.123 GC heap after
Heap after GC invocations=11 (full 2):
 PSYoungGen      total 196096K, used 0K [0x00000000d5f00000, 0x00000000e8600000, 0x0000000100000000)
  eden space 180736K, 0% used [0x00000000d5f00000,0x00000000d5f00000,0x00000000e0f80000)
  from space 15360K, 0% used [0x00000000e0f80000,0x00000000e0f80000,0x00000000e1e80000)
  to   space 14848K, 0% used [0x00000000e7780000,0x00000000e7780000,0x00000000e8600000)
 ParOldGen       total 76288K, used 17330K [0x0000000081c00000, 0x0000000086680000, 0x00000000d5f00000)
  object space 76288K, 22% used [0x0000000081c00000,0x0000000082cec848,0x0000000086680000)
 Metaspace       used 34012K, capacity 35340K, committed 35416K, reserved 1079296K
  class space    used 4394K, capacity 4660K, committed 4736K, reserved 1048576K
}
Event: 7.476 GC heap before
{Heap before GC invocations=12 (full 2):
 PSYoungGen      total 196096K, used 180736K [0x00000000d5f00000, 0x00000000e8600000, 0x0000000100000000)
  eden space 180736K, 100% used [0x00000000d5f00000,0x00000000e0f80000,0x00000000e0f80000)
  from space 15360K, 0% used [0x00000000e0f80000,0x00000000e0f80000,0x00000000e1e80000)
  to   space 14848K, 0% used [0x00000000e7780000,0x00000000e7780000,0x00000000e8600000)
 ParOldGen       total 76288K, used 17330K [0x0000000081c00000, 0x0000000086680000, 0x00000000d5f00000)
  object space 76288K, 22% used [0x0000000081c00000,0x0000000082cec848,0x0000000086680000)
 Metaspace       used 38364K, capacity 40034K, committed 40152K, reserved 1083392K
  class space    used 4974K, capacity 5293K, committed 5376K, reserved 1048576K
Event: 7.486 GC heap after
Heap after GC invocations=12 (full 2):
 PSYoungGen      total 269312K, used 10695K [0x00000000d5f00000, 0x00000000e8200000, 0x0000000100000000)
  eden space 258560K, 0% used [0x00000000d5f00000,0x00000000d5f00000,0x00000000e5b80000)
  from space 10752K, 99% used [0x00000000e7780000,0x00000000e81f1d80,0x00000000e8200000)
  to   space 14848K, 0% used [0x00000000e6500000,0x00000000e6500000,0x00000000e7380000)
 ParOldGen       total 76288K, used 17338K [0x0000000081c00000, 0x0000000086680000, 0x00000000d5f00000)
  object space 76288K, 22% used [0x0000000081c00000,0x0000000082cee848,0x0000000086680000)
 Metaspace       used 38364K, capacity 40034K, committed 40152K, reserved 1083392K
  class space    used 4974K, capacity 5293K, committed 5376K, reserved 1048576K
}
Event: 9.313 GC heap before
{Heap before GC invocations=13 (full 2):
 PSYoungGen      total 269312K, used 269255K [0x00000000d5f00000, 0x00000000e8200000, 0x0000000100000000)
  eden space 258560K, 100% used [0x00000000d5f00000,0x00000000e5b80000,0x00000000e5b80000)
  from space 10752K, 99% used [0x00000000e7780000,0x00000000e81f1d80,0x00000000e8200000)
  to   space 14848K, 0% used [0x00000000e6500000,0x00000000e6500000,0x00000000e7380000)
 ParOldGen       total 76288K, used 17338K [0x0000000081c00000, 0x0000000086680000, 0x00000000d5f00000)
  object space 76288K, 22% used [0x0000000081c00000,0x0000000082cee848,0x0000000086680000)
 Metaspace       used 47003K, capacity 49018K, committed 49112K, reserved 1091584K
  class space    used 6271K, capacity 6637K, committed 6656K, reserved 1048576K
Event: 9.327 GC heap after
Heap after GC invocations=13 (full 2):
 PSYoungGen      total 283136K, used 13237K [0x00000000d5f00000, 0x00000000ee080000, 0x0000000100000000)
  eden space 268288K, 0% used [0x00000000d5f00000,0x00000000d5f00000,0x00000000e6500000)
  from space 14848K, 89% used [0x00000000e6500000,0x00000000e71ed468,0x00000000e7380000)
  to   space 16384K, 0% used [0x00000000ed080000,0x00000000ed080000,0x00000000ee080000)
 ParOldGen       total 76288K, used 22587K [0x0000000081c00000, 0x0000000086680000, 0x00000000d5f00000)
  object space 76288K, 29% used [0x0000000081c00000,0x000000008320eed8,0x0000000086680000)
 Metaspace       used 47003K, capacity 49018K, committed 49112K, reserved 1091584K
  class space    used 6271K, capacity 6637K, committed 6656K, reserved 1048576K
}

