# JRE version: Java(TM) SE Runtime Environment (8.0_181-b13) (build 1.8.0_181-b13)
# Java VM: Java HotSpot(TM) 64-Bit Server VM (25.181-b13 mixed mode windows-amd64 compressed oops)
Heap:
 PSYoungGen      total 373248K, used 47810K [0x00000000d5f00000, 0x00000000f6d80000, 0x0000000100000000)
  eden space 356864K, 13% used [0x00000000d5f00000,0x00000000d8db0970,0x00000000ebb80000)
  from space 16384K, 0% used [0x00000000ebb80000,0x00000000ebb80000,0x00000000ecb80000)
  to   space 16384K, 0% used [0x00000000f5d80000,0x00000000f5d80000,0x00000000f6d80000)
 ParOldGen       total 100864K, used 32232K [0x0000000081c00000, 0x0000000087e80000, 0x00000000d5f00000)
  object space 100864K, 31% used [0x0000000081c00000,0x0000000083b7a3f0,0x0000000087e80000)
 Metaspace       used 58546K, capacity 60956K, committed 61272K, reserved 1101824K
  class space    used 7745K, capacity 8170K, committed 8280K, reserved 1048576K
GC Heap History (10 events):
Event: 7.046 GC heap before
{Heap before GC invocations=12 (full 2):
 PSYoungGen      total 177152K, used 161280K [0x00000000d5f00000, 0x00000000e7200000, 0x0000000100000000)
  eden space 161280K, 100% used [0x00000000d5f00000,0x00000000dfc80000,0x00000000dfc80000)
  from space 15872K, 0% used [0x00000000dfc80000,0x00000000dfc80000,0x00000000e0c00000)
  to   space 15360K, 0% used [0x00000000e6300000,0x00000000e6300000,0x00000000e7200000)
 ParOldGen       total 75264K, used 16363K [0x0000000081c00000, 0x0000000086580000, 0x00000000d5f00000)
  object space 75264K, 21% used [0x0000000081c00000,0x0000000082bfaf58,0x0000000086580000)
 Metaspace       used 39367K, capacity 40936K, committed 41304K, reserved 1085440K
  class space    used 5046K, capacity 5344K, committed 5464K, reserved 1048576K
Event: 7.053 GC heap after
Heap after GC invocations=12 (full 2):
 PSYoungGen      total 251904K, used 8740K [0x00000000d5f00000, 0x00000000e6c00000, 0x0000000100000000)
  eden space 242688K, 0% used [0x00000000d5f00000,0x00000000d5f00000,0x00000000e4c00000)
  from space 9216K, 94% used [0x00000000e6300000,0x00000000e6b892e8,0x00000000e6c00000)
  to   space 14848K, 0% used [0x00000000e4f00000,0x00000000e4f00000,0x00000000e5d80000)
 ParOldGen       total 75264K, used 16371K [0x0000000081c00000, 0x0000000086580000, 0x00000000d5f00000)
  object space 75264K, 21% used [0x0000000081c00000,0x0000000082bfcf58,0x0000000086580000)
 Metaspace       used 39367K, capacity 40936K, committed 41304K, reserved 1085440K
  class space    used 5046K, capacity 5344K, committed 5464K, reserved 1048576K
}
Event: 8.751 GC heap before
{Heap before GC invocations=13 (full 2):
 PSYoungGen      total 251904K, used 251428K [0x00000000d5f00000, 0x00000000e6c00000, 0x0000000100000000)
  eden space 242688K, 100% used [0x00000000d5f00000,0x00000000e4c00000,0x00000000e4c00000)
  from space 9216K, 94% used [0x00000000e6300000,0x00000000e6b892e8,0x00000000e6c00000)
  to   space 14848K, 0% used [0x00000000e4f00000,0x00000000e4f00000,0x00000000e5d80000)
 ParOldGen       total 75264K, used 16371K [0x0000000081c00000, 0x0000000086580000, 0x00000000d5f00000)
  object space 75264K, 21% used [0x0000000081c00000,0x0000000082bfcf58,0x0000000086580000)
 Metaspace       used 43243K, capacity 45124K, committed 45400K, reserved 1089536K
  class space    used 5560K, capacity 5914K, committed 5976K, reserved 1048576K
Event: 8.763 GC heap after
Heap after GC invocations=13 (full 2):
 PSYoungGen      total 260608K, used 9798K [0x00000000d5f00000, 0x00000000edb00000, 0x0000000100000000)
  eden space 245760K, 0% used [0x00000000d5f00000,0x00000000d5f00000,0x00000000e4f00000)
  from space 14848K, 65% used [0x00000000e4f00000,0x00000000e58918c0,0x00000000e5d80000)
  to   space 14848K, 0% used [0x00000000ecc80000,0x00000000ecc80000,0x00000000edb00000)
 ParOldGen       total 75264K, used 21117K [0x0000000081c00000, 0x0000000086580000, 0x00000000d5f00000)
  object space 75264K, 28% used [0x0000000081c00000,0x000000008309f660,0x0000000086580000)
 Metaspace       used 43243K, capacity 45124K, committed 45400K, reserved 1089536K
  class space    used 5560K, capacity 5914K, committed 5976K, reserved 1048576K
}
Event: 11.459 GC heap before
{Heap before GC invocations=14 (full 2):
 PSYoungGen      total 260608K, used 255558K [0x00000000d5f00000, 0x00000000edb00000, 0x0000000100000000)
  eden space 245760K, 100% used [0x00000000d5f00000,0x00000000e4f00000,0x00000000e4f00000)
  from space 14848K, 65% used [0x00000000e4f00000,0x00000000e58918c0,0x00000000e5d80000)
  to   space 14848K, 0% used [0x00000000ecc80000,0x00000000ecc80000,0x00000000edb00000)
 ParOldGen       total 75264K, used 21117K [0x0000000081c00000, 0x0000000086580000, 0x00000000d5f00000)
  object space 75264K, 28% used [0x0000000081c00000,0x000000008309f660,0x0000000086580000)
 Metaspace       used 54107K, capacity 56332K, committed 56408K, reserved 1097728K
  class space    used 7073K, capacity 7470K, committed 7512K, reserved 1048576K
Event: 11.478 GC heap after
Heap after GC invocations=14 (full 2):
 PSYoungGen      total 371712K, used 13758K [0x00000000d5f00000, 0x00000000edb80000, 0x0000000100000000)
  eden space 356864K, 0% used [0x00000000d5f00000,0x00000000d5f00000,0x00000000ebb80000)
  from space 14848K, 92% used [0x00000000ecc80000,0x00000000ed9efac0,0x00000000edb00000)
  to   space 16384K, 0% used [0x00000000ebb80000,0x00000000ebb80000,0x00000000ecb80000)
 ParOldGen       total 75264K, used 25433K [0x0000000081c00000, 0x0000000086580000, 0x00000000d5f00000)
  object space 75264K, 33% used [0x0000000081c00000,0x00000000834d66c0,0x0000000086580000)
 Metaspace       used 54107K, capacity 56332K, committed 56408K, reserved 1097728K
  class space    used 7073K, capacity 7470K, committed 7512K, reserved 1048576K
}
Event: 61.905 GC heap before
{Heap before GC invocations=15 (full 2):
 PSYoungGen      total 371712K, used 107727K [0x00000000d5f00000, 0x00000000edb80000, 0x0000000100000000)
  eden space 356864K, 26% used [0x00000000d5f00000,0x00000000dbac4310,0x00000000ebb80000)
  from space 14848K, 92% used [0x00000000ecc80000,0x00000000ed9efac0,0x00000000edb00000)
  to   space 16384K, 0% used [0x00000000ebb80000,0x00000000ebb80000,0x00000000ecb80000)
 ParOldGen       total 75264K, used 25433K [0x0000000081c00000, 0x0000000086580000, 0x00000000d5f00000)
  object space 75264K, 33% used [0x0000000081c00000,0x00000000834d66c0,0x0000000086580000)
 Metaspace       used 56609K, capacity 58922K, committed 59028K, reserved 1099776K
  class space    used 7424K, capacity 7837K, committed 7896K, reserved 1048576K
Event: 61.916 GC heap after
Heap after GC invocations=15 (full 2):
 PSYoungGen      total 373248K, used 4486K [0x00000000d5f00000, 0x00000000f6d80000, 0x0000000100000000)
  eden space 356864K, 0% used [0x00000000d5f00000,0x00000000d5f00000,0x00000000ebb80000)
  from space 16384K, 27% used [0x00000000ebb80000,0x00000000ebfe19f0,0x00000000ecb80000)
  to   space 16384K, 0% used [0x00000000f5d80000,0x00000000f5d80000,0x00000000f6d80000)
 ParOldGen       total 75264K, used 32150K [0x0000000081c00000, 0x0000000086580000, 0x00000000d5f00000)
  object space 75264K, 42% used [0x0000000081c00000,0x0000000083b65908,0x0000000086580000)
 Metaspace       used 56609K, capacity 58922K, committed 59028K, reserved 1099776K
  class space    used 7424K, capacity 7837K, committed 7896K, reserved 1048576K
}
Event: 61.916 GC heap before
{Heap before GC invocations=16 (full 3):
 PSYoungGen      total 373248K, used 4486K [0x00000000d5f00000, 0x00000000f6d80000, 0x0000000100000000)
  eden space 356864K, 0% used [0x00000000d5f00000,0x00000000d5f00000,0x00000000ebb80000)
  from space 16384K, 27% used [0x00000000ebb80000,0x00000000ebfe19f0,0x00000000ecb80000)
  to   space 16384K, 0% used [0x00000000f5d80000,0x00000000f5d80000,0x00000000f6d80000)
 ParOldGen       total 75264K, used 32150K [0x0000000081c00000, 0x0000000086580000, 0x00000000d5f00000)
  object space 75264K, 42% used [0x0000000081c00000,0x0000000083b65908,0x0000000086580000)
 Metaspace       used 56609K, capacity 58922K, committed 59028K, reserved 1099776K
  class space    used 7424K, capacity 7837K, committed 7896K, reserved 1048576K
Event: 62.100 GC heap after
Heap after GC invocations=16 (full 3):
 PSYoungGen      total 373248K, used 0K [0x00000000d5f00000, 0x00000000f6d80000, 0x0000000100000000)
  eden space 356864K, 0% used [0x00000000d5f00000,0x00000000d5f00000,0x00000000ebb80000)
  from space 16384K, 0% used [0x00000000ebb80000,0x00000000ebb80000,0x00000000ecb80000)
  to   space 16384K, 0% used [0x00000000f5d80000,0x00000000f5d80000,0x00000000f6d80000)
 ParOldGen       total 100864K, used 32232K [0x0000000081c00000, 0x0000000087e80000, 0x00000000d5f00000)
  object space 100864K, 31% used [0x0000000081c00000,0x0000000083b7a3f0,0x0000000087e80000)
 Metaspace       used 56609K, capacity 58922K, committed 59028K, reserved 1099776K
  class space    used 7424K, capacity 7837K, committed 7896K, reserved 1048576K
}

