# JRE version: Java(TM) SE Runtime Environment (8.0_181-b13) (build 1.8.0_181-b13)
# Java VM: Java HotSpot(TM) 64-Bit Server VM (25.181-b13 mixed mode windows-amd64 compressed oops)
Heap:
 PSYoungGen      total 388608K, used 15711K [0x00000000d5f00000, 0x00000000f9600000, 0x0000000100000000)
  eden space 372224K, 4% used [0x00000000d5f00000,0x00000000d6e57fe0,0x00000000eca80000)
  from space 16384K, 0% used [0x00000000eca80000,0x00000000eca80000,0x00000000eda80000)
  to   space 16384K, 0% used [0x00000000f8600000,0x00000000f8600000,0x00000000f9600000)
 ParOldGen       total 73216K, used 31999K [0x0000000081c00000, 0x0000000086380000, 0x00000000d5f00000)
  object space 73216K, 43% used [0x0000000081c00000,0x0000000083b3ff18,0x0000000086380000)
 Metaspace       used 56951K, capacity 59316K, committed 59608K, reserved 1101824K
  class space    used 7466K, capacity 7878K, committed 7896K, reserved 1048576K
GC Heap History (10 events):
Event: 7.439 GC heap before
{Heap before GC invocations=12 (full 2):
 PSYoungGen      total 176128K, used 160256K [0x00000000d5f00000, 0x00000000e7280000, 0x0000000100000000)
  eden space 160256K, 100% used [0x00000000d5f00000,0x00000000dfb80000,0x00000000dfb80000)
  from space 15872K, 0% used [0x00000000dfb80000,0x00000000dfb80000,0x00000000e0b00000)
  to   space 15360K, 0% used [0x00000000e6380000,0x00000000e6380000,0x00000000e7280000)
 ParOldGen       total 73216K, used 16363K [0x0000000081c00000, 0x0000000086380000, 0x00000000d5f00000)
  object space 73216K, 22% used [0x0000000081c00000,0x0000000082bfaf20,0x0000000086380000)
 Metaspace       used 39331K, capacity 40932K, committed 41304K, reserved 1085440K
  class space    used 5046K, capacity 5344K, committed 5464K, reserved 1048576K
Event: 7.448 GC heap after
Heap after GC invocations=12 (full 2):
 PSYoungGen      total 256512K, used 8688K [0x00000000d5f00000, 0x00000000e6d00000, 0x0000000100000000)
  eden space 246784K, 0% used [0x00000000d5f00000,0x00000000d5f00000,0x00000000e5000000)
  from space 9728K, 89% used [0x00000000e6380000,0x00000000e6bfc298,0x00000000e6d00000)
  to   space 14848K, 0% used [0x00000000e5000000,0x00000000e5000000,0x00000000e5e80000)
 ParOldGen       total 73216K, used 16371K [0x0000000081c00000, 0x0000000086380000, 0x00000000d5f00000)
  object space 73216K, 22% used [0x0000000081c00000,0x0000000082bfcf20,0x0000000086380000)
 Metaspace       used 39331K, capacity 40932K, committed 41304K, reserved 1085440K
  class space    used 5046K, capacity 5344K, committed 5464K, reserved 1048576K
}
Event: 9.171 GC heap before
{Heap before GC invocations=13 (full 2):
 PSYoungGen      total 256512K, used 255472K [0x00000000d5f00000, 0x00000000e6d00000, 0x0000000100000000)
  eden space 246784K, 100% used [0x00000000d5f00000,0x00000000e5000000,0x00000000e5000000)
  from space 9728K, 89% used [0x00000000e6380000,0x00000000e6bfc298,0x00000000e6d00000)
  to   space 14848K, 0% used [0x00000000e5000000,0x00000000e5000000,0x00000000e5e80000)
 ParOldGen       total 73216K, used 16371K [0x0000000081c00000, 0x0000000086380000, 0x00000000d5f00000)
  object space 73216K, 22% used [0x0000000081c00000,0x0000000082bfcf20,0x0000000086380000)
 Metaspace       used 43240K, capacity 45140K, committed 45400K, reserved 1089536K
  class space    used 5562K, capacity 5916K, committed 5976K, reserved 1048576K
Event: 9.187 GC heap after
Heap after GC invocations=13 (full 2):
 PSYoungGen      total 261632K, used 9799K [0x00000000d5f00000, 0x00000000eeb00000, 0x0000000100000000)
  eden space 246784K, 0% used [0x00000000d5f00000,0x00000000d5f00000,0x00000000e5000000)
  from space 14848K, 65% used [0x00000000e5000000,0x00000000e5991cd0,0x00000000e5e80000)
  to   space 14848K, 0% used [0x00000000edc80000,0x00000000edc80000,0x00000000eeb00000)
 ParOldGen       total 73216K, used 21101K [0x0000000081c00000, 0x0000000086380000, 0x00000000d5f00000)
  object space 73216K, 28% used [0x0000000081c00000,0x000000008309b628,0x0000000086380000)
 Metaspace       used 43240K, capacity 45140K, committed 45400K, reserved 1089536K
  class space    used 5562K, capacity 5916K, committed 5976K, reserved 1048576K
}
Event: 12.905 GC heap before
{Heap before GC invocations=14 (full 2):
 PSYoungGen      total 261632K, used 256583K [0x00000000d5f00000, 0x00000000eeb00000, 0x0000000100000000)
  eden space 246784K, 100% used [0x00000000d5f00000,0x00000000e5000000,0x00000000e5000000)
  from space 14848K, 65% used [0x00000000e5000000,0x00000000e5991cd0,0x00000000e5e80000)
  to   space 14848K, 0% used [0x00000000edc80000,0x00000000edc80000,0x00000000eeb00000)
 ParOldGen       total 73216K, used 21101K [0x0000000081c00000, 0x0000000086380000, 0x00000000d5f00000)
  object space 73216K, 28% used [0x0000000081c00000,0x000000008309b628,0x0000000086380000)
 Metaspace       used 54081K, capacity 56332K, committed 56408K, reserved 1097728K
  class space    used 7073K, capacity 7470K, committed 7512K, reserved 1048576K
Event: 12.933 GC heap after
Heap after GC invocations=14 (full 2):
 PSYoungGen      total 385536K, used 13852K [0x00000000d5f00000, 0x00000000eea80000, 0x0000000100000000)
  eden space 371200K, 0% used [0x00000000d5f00000,0x00000000d5f00000,0x00000000ec980000)
  from space 14336K, 96% used [0x00000000edc80000,0x00000000eea072f0,0x00000000eea80000)
  to   space 16384K, 0% used [0x00000000eca80000,0x00000000eca80000,0x00000000eda80000)
 ParOldGen       total 73216K, used 25577K [0x0000000081c00000, 0x0000000086380000, 0x00000000d5f00000)
  object space 73216K, 34% used [0x0000000081c00000,0x00000000834fa688,0x0000000086380000)
 Metaspace       used 54081K, capacity 56332K, committed 56408K, reserved 1097728K
  class space    used 7073K, capacity 7470K, committed 7512K, reserved 1048576K
}
Event: 299.674 GC heap before
{Heap before GC invocations=15 (full 2):
 PSYoungGen      total 385536K, used 109173K [0x00000000d5f00000, 0x00000000eea80000, 0x0000000100000000)
  eden space 371200K, 25% used [0x00000000d5f00000,0x00000000dbc16148,0x00000000ec980000)
  from space 14336K, 96% used [0x00000000edc80000,0x00000000eea072f0,0x00000000eea80000)
  to   space 16384K, 0% used [0x00000000eca80000,0x00000000eca80000,0x00000000eda80000)
 ParOldGen       total 73216K, used 25577K [0x0000000081c00000, 0x0000000086380000, 0x00000000d5f00000)
  object space 73216K, 34% used [0x0000000081c00000,0x00000000834fa688,0x0000000086380000)
 Metaspace       used 56556K, capacity 58952K, committed 59028K, reserved 1099776K
  class space    used 7409K, capacity 7842K, committed 7896K, reserved 1048576K
Event: 299.687 GC heap after
Heap after GC invocations=15 (full 2):
 PSYoungGen      total 388608K, used 4308K [0x00000000d5f00000, 0x00000000f9600000, 0x0000000100000000)
  eden space 372224K, 0% used [0x00000000d5f00000,0x00000000d5f00000,0x00000000eca80000)
  from space 16384K, 26% used [0x00000000eca80000,0x00000000eceb50e0,0x00000000eda80000)
  to   space 16384K, 0% used [0x00000000f8600000,0x00000000f8600000,0x00000000f9600000)
 ParOldGen       total 73216K, used 32322K [0x0000000081c00000, 0x0000000086380000, 0x00000000d5f00000)
  object space 73216K, 44% used [0x0000000081c00000,0x0000000083b908c0,0x0000000086380000)
 Metaspace       used 56556K, capacity 58952K, committed 59028K, reserved 1099776K
  class space    used 7409K, capacity 7842K, committed 7896K, reserved 1048576K
}
Event: 299.687 GC heap before
{Heap before GC invocations=16 (full 3):
 PSYoungGen      total 388608K, used 4308K [0x00000000d5f00000, 0x00000000f9600000, 0x0000000100000000)
  eden space 372224K, 0% used [0x00000000d5f00000,0x00000000d5f00000,0x00000000eca80000)
  from space 16384K, 26% used [0x00000000eca80000,0x00000000eceb50e0,0x00000000eda80000)
  to   space 16384K, 0% used [0x00000000f8600000,0x00000000f8600000,0x00000000f9600000)
 ParOldGen       total 73216K, used 32322K [0x0000000081c00000, 0x0000000086380000, 0x00000000d5f00000)
  object space 73216K, 44% used [0x0000000081c00000,0x0000000083b908c0,0x0000000086380000)
 Metaspace       used 56556K, capacity 58952K, committed 59028K, reserved 1099776K
  class space    used 7409K, capacity 7842K, committed 7896K, reserved 1048576K
Event: 299.872 GC heap after
Heap after GC invocations=16 (full 3):
 PSYoungGen      total 388608K, used 0K [0x00000000d5f00000, 0x00000000f9600000, 0x0000000100000000)
  eden space 372224K, 0% used [0x00000000d5f00000,0x00000000d5f00000,0x00000000eca80000)
  from space 16384K, 0% used [0x00000000eca80000,0x00000000eca80000,0x00000000eda80000)
  to   space 16384K, 0% used [0x00000000f8600000,0x00000000f8600000,0x00000000f9600000)
 ParOldGen       total 73216K, used 31999K [0x0000000081c00000, 0x0000000086380000, 0x00000000d5f00000)
  object space 73216K, 43% used [0x0000000081c00000,0x0000000083b3ff18,0x0000000086380000)
 Metaspace       used 56556K, capacity 58952K, committed 59028K, reserved 1099776K
  class space    used 7409K, capacity 7842K, committed 7896K, reserved 1048576K
}

